current directory: /Users/kinokotakenoko/Documents/repos/saved/resume-template/_vendor/bundle/ruby/3.2.0/gems/http_parser.rb-0.8.0/ext/ruby_http_parser
/Users/kinokotakenoko/.rbenv/versions/3.2.0/bin/ruby -I /Users/kinokotakenoko/.rbenv/versions/3.2.0/lib/ruby/3.2.0 extconf.rb
creating Makefile

current directory: /Users/kinokotakenoko/Documents/repos/saved/resume-template/_vendor/bundle/ruby/3.2.0/gems/http_parser.rb-0.8.0/ext/ruby_http_parser
make DESTDIR\= sitearchdir\=./.gem.20241221-72934-waw3kn sitelibdir\=./.gem.20241221-72934-waw3kn clean

current directory: /Users/kinokotakenoko/Documents/repos/saved/resume-template/_vendor/bundle/ruby/3.2.0/gems/http_parser.rb-0.8.0/ext/ruby_http_parser
make DESTDIR\= sitearchdir\=./.gem.20241221-72934-waw3kn sitelibdir\=./.gem.20241221-72934-waw3kn
compiling ruby_http_parser.c
ruby_http_parser.c:365:17: warning: comparison of integers of different signs: 'size_t' (aka 'unsigned long') and 'long' [-Wsign-compare]
    if (nparsed < len)
        ~~~~~~~ ^ ~~~
1 warning generated.
compiling ryah_http_parser.c
linking shared-object ruby_http_parser.bundle
ld: warning: ignoring duplicate libraries: '-lruby.3.2'

current directory: /Users/kinokotakenoko/Documents/repos/saved/resume-template/_vendor/bundle/ruby/3.2.0/gems/http_parser.rb-0.8.0/ext/ruby_http_parser
make DESTDIR\= sitearchdir\=./.gem.20241221-72934-waw3kn sitelibdir\=./.gem.20241221-72934-waw3kn install
/usr/bin/install -c -m 0755 ruby_http_parser.bundle ./.gem.20241221-72934-waw3kn

current directory: /Users/kinokotakenoko/Documents/repos/saved/resume-template/_vendor/bundle/ruby/3.2.0/gems/http_parser.rb-0.8.0/ext/ruby_http_parser
make DESTDIR\= sitearchdir\=./.gem.20241221-72934-waw3kn sitelibdir\=./.gem.20241221-72934-waw3kn clean
